
Attaching package: ‘MOFA2’

The following object is masked from ‘package:stats’:

    predict

── Attaching core tidyverse packages ──────────────────────── tidyverse 2.0.0 ──
✔ dplyr     1.1.4     ✔ readr     2.1.5
✔ forcats   1.0.0     ✔ stringr   1.5.1
✔ lubridate 1.9.3     ✔ tibble    3.2.1
✔ purrr     1.0.2     ✔ tidyr     1.3.1
── Conflicts ────────────────────────────────────────── tidyverse_conflicts() ──
✖ dplyr::between()     masks data.table::between()
✖ dplyr::filter()      masks stats::filter()
✖ dplyr::first()       masks data.table::first()
✖ lubridate::hour()    masks data.table::hour()
✖ lubridate::isoweek() masks data.table::isoweek()
✖ dplyr::lag()         masks stats::lag()
✖ dplyr::last()        masks data.table::last()
✖ lubridate::mday()    masks data.table::mday()
✖ lubridate::minute()  masks data.table::minute()
✖ lubridate::month()   masks data.table::month()
✖ lubridate::quarter() masks data.table::quarter()
✖ lubridate::second()  masks data.table::second()
✖ purrr::transpose()   masks data.table::transpose()
✖ lubridate::wday()    masks data.table::wday()
✖ lubridate::week()    masks data.table::week()
✖ lubridate::yday()    masks data.table::yday()
✖ lubridate::year()    masks data.table::year()
ℹ Use the conflicted package (<http://conflicted.r-lib.org/>) to force all conflicts to become errors

Attaching package: ‘reshape2’

The following object is masked from ‘package:tidyr’:

    smiths

The following objects are masked from ‘package:data.table’:

    dcast, melt

Loading required package: Biobase
Loading required package: BiocGenerics

Attaching package: ‘BiocGenerics’

The following objects are masked from ‘package:lubridate’:

    intersect, setdiff, union

The following objects are masked from ‘package:dplyr’:

    combine, intersect, setdiff, union

The following objects are masked from ‘package:stats’:

    IQR, mad, sd, var, xtabs

The following objects are masked from ‘package:base’:

    anyDuplicated, aperm, append, as.data.frame, basename, cbind,
    colnames, dirname, do.call, duplicated, eval, evalq, Filter, Find,
    get, grep, grepl, intersect, is.unsorted, lapply, Map, mapply,
    match, mget, order, paste, pmax, pmax.int, pmin, pmin.int,
    Position, rank, rbind, Reduce, rownames, sapply, setdiff, sort,
    table, tapply, union, unique, unsplit, which.max, which.min

Welcome to Bioconductor

    Vignettes contain introductory material; view with
    'browseVignettes()'. To cite Bioconductor, see
    'citation("Biobase")', and for packages 'citation("pkgname")'.

Loading required package: S4Vectors
Loading required package: stats4

Attaching package: ‘S4Vectors’

The following objects are masked from ‘package:lubridate’:

    second, second<-

The following objects are masked from ‘package:dplyr’:

    first, rename

The following object is masked from ‘package:tidyr’:

    expand

The following objects are masked from ‘package:data.table’:

    first, second

The following object is masked from ‘package:utils’:

    findMatches

The following objects are masked from ‘package:base’:

    expand.grid, I, unname

Loading required package: IRanges

Attaching package: ‘IRanges’

The following object is masked from ‘package:lubridate’:

    %within%

The following objects are masked from ‘package:dplyr’:

    collapse, desc, slice

The following object is masked from ‘package:purrr’:

    reduce

The following object is masked from ‘package:data.table’:

    shift

Loading required package: GenomicRanges
Loading required package: GenomeInfoDb
Loading required package: SummarizedExperiment
Loading required package: MatrixGenerics
Loading required package: matrixStats

Attaching package: ‘matrixStats’

The following objects are masked from ‘package:Biobase’:

    anyMissing, rowMedians

The following object is masked from ‘package:dplyr’:

    count


Attaching package: ‘MatrixGenerics’

The following objects are masked from ‘package:matrixStats’:

    colAlls, colAnyNAs, colAnys, colAvgsPerRowSet, colCollapse,
    colCounts, colCummaxs, colCummins, colCumprods, colCumsums,
    colDiffs, colIQRDiffs, colIQRs, colLogSumExps, colMadDiffs,
    colMads, colMaxs, colMeans2, colMedians, colMins, colOrderStats,
    colProds, colQuantiles, colRanges, colRanks, colSdDiffs, colSds,
    colSums2, colTabulates, colVarDiffs, colVars, colWeightedMads,
    colWeightedMeans, colWeightedMedians, colWeightedSds,
    colWeightedVars, rowAlls, rowAnyNAs, rowAnys, rowAvgsPerColSet,
    rowCollapse, rowCounts, rowCummaxs, rowCummins, rowCumprods,
    rowCumsums, rowDiffs, rowIQRDiffs, rowIQRs, rowLogSumExps,
    rowMadDiffs, rowMads, rowMaxs, rowMeans2, rowMedians, rowMins,
    rowOrderStats, rowProds, rowQuantiles, rowRanges, rowRanks,
    rowSdDiffs, rowSds, rowSums2, rowTabulates, rowVarDiffs, rowVars,
    rowWeightedMads, rowWeightedMeans, rowWeightedMedians,
    rowWeightedSds, rowWeightedVars

The following object is masked from ‘package:Biobase’:

    rowMedians

Loading required package: Matrix

Attaching package: ‘Matrix’

The following object is masked from ‘package:S4Vectors’:

    expand

The following objects are masked from ‘package:tidyr’:

    expand, pack, unpack

Loaded glmnet 4.1-8
Warning message:
Option grouped=FALSE enforced in cv.glmnet, since < 3 observations per fold 
    Day0.Meta.age Day0.TcellPol.pol       (Intercept) 
       -0.1722747         0.9815269         7.3852941 

	Spearman's rank correlation rho

data:  preds$rnk and preds$actual
S = 1058, p-value = 0.7171
alternative hypothesis: true rho is not equal to 0
sample estimates:
        rho 
-0.09184727 

Warning message:
Option grouped=FALSE enforced in cv.glmnet, since < 3 observations per fold 

	Spearman's rank correlation rho

data:  preds$rnk and preds$actual
S = 762, p-value = 0.6564
alternative hypothesis: true rho is not equal to 0
sample estimates:
       rho 
-0.1205882 

Day0.Factor15  Day0.Factor5 Day0.Factor12 Day0.Factor13  Day0.Factor8 
   -3.6433376    -2.5635682    -2.2974339    -0.6496875    -0.5573168 
 Day0.Factor7  Day0.Factor1  Day0.Factor4  Day0.Factor9 Day0.Factor14 
    0.1507794     0.2580086     1.8402562     5.5024138     6.0174813 
Day0.Factor10   (Intercept) 
    6.7223583     6.8597689 
Warning message:
Option grouped=FALSE enforced in cv.glmnet, since < 3 observations per fold 

	Spearman's rank correlation rho

data:  preds$rnk and preds$actual
S = 648, p-value = 0.5756
alternative hypothesis: true rho is not equal to 0
sample estimates:
       rho 
-0.1571429 

     Day0.Factor5     Day0.Factor12      Day0.Factor8     Day0.Factor15 
       -3.1357159        -2.4240256        -1.4311668        -1.1219907 
    Day0.Meta.age      Day0.Factor6      Day0.Factor1 Day0.TcellPol.pol 
       -0.2489112         0.2807440         0.4212308         0.4711709 
     Day0.Factor7      Day0.Factor4      Day0.Factor9     Day0.Factor10 
        0.8830623         3.0879950         4.4164146         6.9490227 
    Day0.Factor14       (Intercept) 
        8.1174198        13.3883888 
Day0.Factor14 Day0.Factor10  Day0.Factor9  Day0.Factor5  Day0.Factor4 
    8.1174198     6.9490227     4.4164146    -3.1357159     3.0879950 
Day0.Factor12  Day0.Factor8 Day0.Factor15  Day0.Factor7  Day0.Factor1 
   -2.4240256    -1.4311668    -1.1219907     0.8830623     0.4212308 
 Day0.Factor6 
    0.2807440 
There were 11 warnings (use warnings() to see them)
Warning messages:
1: Option grouped=FALSE enforced in cv.glmnet, since < 3 observations per fold 
2: Option grouped=FALSE enforced in cv.glmnet, since < 3 observations per fold 
3: Option grouped=FALSE enforced in cv.glmnet, since < 3 observations per fold 
4: Option grouped=FALSE enforced in cv.glmnet, since < 3 observations per fold 
5: Option grouped=FALSE enforced in cv.glmnet, since < 3 observations per fold 
6: Option grouped=FALSE enforced in cv.glmnet, since < 3 observations per fold 
7: Option grouped=FALSE enforced in cv.glmnet, since < 3 observations per fold 
8: Option grouped=FALSE enforced in cv.glmnet, since < 3 observations per fold 
9: Option grouped=FALSE enforced in cv.glmnet, since < 3 observations per fold 
10: Option grouped=FALSE enforced in cv.glmnet, since < 3 observations per fold 
 [1] -0.05357143 -0.39642857 -0.26428571 -0.43928571 -0.43928571  0.05000000
 [7]  0.05000000  0.05000000  0.01071429 -0.12142857 -0.15000000
